<?xml version="1.0" encoding="UTF-8"?>
<!-- Generated by org.testng.reporters.JUnitReportReporter -->
<testsuite hostname="LAPTOP-K61ULR8P" failures="0" tests="3" name="main.cl.dagserver.integration.test.JobsAddDesignNoneTest" time="101.539" errors="0" timestamp="2025-06-19T15:42:10 CLT" skipped="0">
  <testcase classname="main.cl.dagserver.integration.test.JobsAddDesignNoneTest" name="addDesignNone" time="20.232"/>
  <system-out/>
  <testcase classname="main.cl.dagserver.integration.test.JobsAddDesignNoneTest" name="editDesignNone" time="54.101"/>
  <system-out/>
  <testcase classname="main.cl.dagserver.integration.test.JobsAddDesignNoneTest" name="deleteDesignNone" time="27.206"/>
  <system-out/>
</testsuite> <!-- main.cl.dagserver.integration.test.JobsAddDesignNoneTest -->
