<?xml version="1.0" encoding="UTF-8"?>
<!-- Generated by org.testng.reporters.JUnitReportReporter -->
<testsuite hostname="LAPTOP-K61ULR8P" failures="0" tests="1" name="main.cl.dagserver.integration.test.NewTest" time="30.015" errors="0" timestamp="2025-06-17T15:41:17 CLT" skipped="0">
  <testcase classname="main.cl.dagserver.integration.test.NewTest" name="f" time="30.015"/>
  <system-out/>
</testsuite> <!-- main.cl.dagserver.integration.test.NewTest -->
