<?xml version="1.0" encoding="UTF-8"?>
<!-- Generated by org.testng.reporters.JUnitReportReporter -->
<testsuite hostname="LAPTOP-K61ULR8P" failures="0" tests="2" name="main.cl.dagserver.integration.test.LoginTest" time="4.912" errors="0" timestamp="2025-06-17T23:50:09 CLT" skipped="0">
  <testcase classname="main.cl.dagserver.integration.test.LoginTest" name="loginOk" time="1.314"/>
  <system-out/>
  <testcase classname="main.cl.dagserver.integration.test.LoginTest" name="wrongCredentials" time="3.598"/>
  <system-out/>
</testsuite> <!-- main.cl.dagserver.integration.test.LoginTest -->
