<?xml version="1.0" encoding="UTF-8"?>
<!-- Generated by org.testng.reporters.JUnitReportReporter -->
<testsuite hostname="LAPTOP-K61ULR8P" failures="0" tests="2" name="main.cl.dagserver.integration.test.JobsDesignCopyValues" time="87.255" errors="0" timestamp="2025-06-19T18:36:03 CLT" skipped="0">
  <testcase classname="main.cl.dagserver.integration.test.JobsDesignCopyValues" name="createDesign" time="48.218"/>
  <system-out/>
  <testcase classname="main.cl.dagserver.integration.test.JobsDesignCopyValues" name="copyValues" time="39.037"/>
  <system-out/>
</testsuite> <!-- main.cl.dagserver.integration.test.JobsDesignCopyValues -->
