<?xml version="1.0" encoding="UTF-8"?>
<!-- Generated by org.testng.reporters.JUnitReportReporter -->
<testsuite hostname="LAPTOP-K61ULR8P" failures="0" tests="3" name="main.cl.dagserver.integration.test.JobsAddDesignCronTest" time="107.354" errors="0" timestamp="2025-06-19T15:05:13 CLT" skipped="0">
  <testcase classname="main.cl.dagserver.integration.test.JobsAddDesignCronTest" name="addDesignCron" time="17.588"/>
  <system-out/>
  <testcase classname="main.cl.dagserver.integration.test.JobsAddDesignCronTest" name="editDesignCron" time="54.668"/>
  <system-out/>
  <testcase classname="main.cl.dagserver.integration.test.JobsAddDesignCronTest" name="deleteDesignCron" time="35.098"/>
  <system-out/>
</testsuite> <!-- main.cl.dagserver.integration.test.JobsAddDesignCronTest -->
