<?xml version="1.0" encoding="UTF-8"?>
<!-- Generated by org.testng.reporters.JUnitReportReporter -->
<testsuite hostname="LAPTOP-K61ULR8P" failures="0" tests="3" name="main.cl.dagserver.integration.test.CredentialsTest" time="9.962" errors="0" timestamp="2025-06-18T00:16:12 CLT" skipped="0">
  <testcase classname="main.cl.dagserver.integration.test.CredentialsTest" name="getCredentials" time="2.456"/>
  <system-out/>
  <testcase classname="main.cl.dagserver.integration.test.CredentialsTest" name="createNewCredential" time="4.125"/>
  <system-out/>
  <testcase classname="main.cl.dagserver.integration.test.CredentialsTest" name="deleteCredential" time="3.381"/>
  <system-out/>
</testsuite> <!-- main.cl.dagserver.integration.test.CredentialsTest -->
