<?xml version="1.0" encoding="UTF-8"?>
<!-- Generated by org.testng.reporters.JUnitReportReporter -->
<testsuite hostname="LAPTOP-K61ULR8P" failures="0" tests="3" name="main.cl.dagserver.integration.test.SystemJobsTest" time="100.172" errors="0" timestamp="2025-06-18T16:05:54 CLT" skipped="0">
  <testcase classname="main.cl.dagserver.integration.test.SystemJobsTest" name="getDetailSystemJobs" time="9.182"/>
  <system-out/>
  <testcase classname="main.cl.dagserver.integration.test.SystemJobsTest" name="getLogsSystemJobs" time="24.769"/>
  <system-out/>
  <testcase classname="main.cl.dagserver.integration.test.SystemJobsTest" name="getDependenciesSystemJobs" time="66.221"/>
  <system-out/>
</testsuite> <!-- main.cl.dagserver.integration.test.SystemJobsTest -->
