<?xml version="1.0" encoding="UTF-8"?>
<!-- Generated by org.testng.reporters.JUnitReportReporter -->
<testsuite hostname="LAPTOP-K61ULR8P" failures="0" tests="1" name="main.cl.dagserver.integration.NewTest" time="0.015" errors="0" timestamp="2025-06-17T14:50:40 CLT" skipped="0">
  <testcase classname="main.cl.dagserver.integration.NewTest" name="f" time="0.015"/>
  <system-out/>
</testsuite> <!-- main.cl.dagserver.integration.NewTest -->
