<?xml version="1.0" encoding="UTF-8"?>
<!-- Generated by org.testng.reporters.JUnitReportReporter -->
<testsuite hostname="LAPTOP-K61ULR8P" failures="0" tests="1" name="main.cl.dagserver.integration.test.ExampleTest" time="30.011" errors="0" timestamp="2025-06-17T15:48:42 CLT" skipped="0">
  <testcase classname="main.cl.dagserver.integration.test.ExampleTest" name="f" time="30.011"/>
  <system-out/>
</testsuite> <!-- main.cl.dagserver.integration.test.ExampleTest -->
