<?xml version="1.0" encoding="UTF-8"?>
<!-- Generated by org.testng.reporters.JUnitReportReporter -->
<testsuite hostname="LAPTOP-K61ULR8P" failures="0" tests="6" name="main.cl.dagserver.integration.test.PropertiesTest" time="49.290" errors="0" timestamp="2025-06-17T23:50:09 CLT" skipped="0">
  <testcase classname="main.cl.dagserver.integration.test.PropertiesTest" name="getActualProps" time="3.028"/>
  <system-out/>
  <testcase classname="main.cl.dagserver.integration.test.PropertiesTest" name="createNewProperty" time="9.456"/>
  <system-out/>
  <testcase classname="main.cl.dagserver.integration.test.PropertiesTest" name="deleteProperty" time="8.443"/>
  <system-out/>
  <testcase classname="main.cl.dagserver.integration.test.PropertiesTest" name="importProperties" time="11.804"/>
  <system-out/>
  <testcase classname="main.cl.dagserver.integration.test.PropertiesTest" name="exportProperties" time="8.317"/>
  <system-out/>
  <testcase classname="main.cl.dagserver.integration.test.PropertiesTest" name="deleteByGroup" time="8.242"/>
  <system-out/>
</testsuite> <!-- main.cl.dagserver.integration.test.PropertiesTest -->
